Copyright 1986-2018 Xilinx, Inc. All Rights Reserved.
---------------------------------------------------------------------------------------------------------------------------------------
| Tool Version : Vivado v.2018.2 (win64) Build 2258646 Thu Jun 14 20:03:12 MDT 2018
| Date         : Fri Feb 13 13:03:07 2026
| Host         : KOSTYABETENB1C0 running 64-bit major release  (build 9200)
| Command      : report_drc -file converter_task6_drc_routed.rpt -pb converter_task6_drc_routed.pb -rpx converter_task6_drc_routed.rpx
| Design       : converter_task6
| Device       : xc7a35ticpg236-1L
| Speed File   : -1L
| Design State : Routed
---------------------------------------------------------------------------------------------------------------------------------------

Report DRC

Table of Contents
-----------------
1. REPORT SUMMARY
2. REPORT DETAILS

1. REPORT SUMMARY
-----------------
            Netlist: netlist
          Floorplan: design_1
      Design limits: <entire design considered>
           Ruledeck: default
             Max violations: <unlimited>
             Violations found: 0
+------+----------+-------------+------------+
| Rule | Severity | Description | Violations |
+------+----------+-------------+------------+
+------+----------+-------------+------------+

2. REPORT DETAILS
-----------------

