Copyright 1986-2018 Xilinx, Inc. All Rights Reserved.
------------------------------------------------------------------------------------------------------------------------
| Tool Version : Vivado v.2018.2 (win64) Build 2258646 Thu Jun 14 20:03:12 MDT 2018
| Date         : Wed Feb 11 22:51:58 2026
| Host         : KOSTYABETENB1C0 running 64-bit major release  (build 9200)
| Command      : report_drc -file sw_led_unit_drc_opted.rpt -pb sw_led_unit_drc_opted.pb -rpx sw_led_unit_drc_opted.rpx
| Design       : sw_led_unit
| Device       : xc7a35ticpg236-1L
| Speed File   : -1L
| Design State : Routed
------------------------------------------------------------------------------------------------------------------------

Report DRC

Table of Contents
-----------------
1. REPORT SUMMARY
2. REPORT DETAILS

1. REPORT SUMMARY
-----------------
            Netlist: netlist
          Floorplan: checkpoint_sw_led_unit
      Design limits: <entire design considered>
           Ruledeck: default
             Max violations: <unlimited>
             Violations found: 0
+------+----------+-------------+------------+
| Rule | Severity | Description | Violations |
+------+----------+-------------+------------+
+------+----------+-------------+------------+

2. REPORT DETAILS
-----------------

